0 info it worked if it ends with ok
1 verbose cli [ 'C:\\Program Files\\nodejs\\node.exe',
1 verbose cli   'C:\\Program Files\\nodejs\\node_modules\\npm\\bin\\npm-cli.js',
1 verbose cli   'install',
1 verbose cli   'CSS-Mint' ]
2 info using npm@2.15.5
3 info using node@v4.4.5
4 verbose install initial load of C:\Users\Alena\Documents\blog-template\package.json
5 verbose installManyTop reading scoped package data from C:\Users\Alena\Documents\blog-template\node_modules\babel-preset-es2015\package.json
6 verbose installManyTop reading scoped package data from C:\Users\Alena\Documents\blog-template\node_modules\babel-register\package.json
7 verbose installManyTop reading scoped package data from C:\Users\Alena\Documents\blog-template\node_modules\browser-sync\package.json
8 verbose installManyTop reading scoped package data from C:\Users\Alena\Documents\blog-template\node_modules\del\package.json
9 verbose installManyTop reading scoped package data from C:\Users\Alena\Documents\blog-template\node_modules\gulp\package.json
10 verbose installManyTop reading scoped package data from C:\Users\Alena\Documents\blog-template\node_modules\gulp-autoprefixer\package.json
11 verbose installManyTop reading scoped package data from C:\Users\Alena\Documents\blog-template\node_modules\gulp-babel\package.json
12 verbose installManyTop reading scoped package data from C:\Users\Alena\Documents\blog-template\node_modules\gulp-cache\package.json
13 verbose installManyTop reading scoped package data from C:\Users\Alena\Documents\blog-template\node_modules\gulp-cssnano\package.json
14 verbose installManyTop reading scoped package data from C:\Users\Alena\Documents\blog-template\node_modules\gulp-eslint\package.json
15 verbose installManyTop reading scoped package data from C:\Users\Alena\Documents\blog-template\node_modules\gulp-htmlmin\package.json
16 verbose installManyTop reading scoped package data from C:\Users\Alena\Documents\blog-template\node_modules\gulp-if\package.json
17 verbose installManyTop reading scoped package data from C:\Users\Alena\Documents\blog-template\node_modules\gulp-imagemin\package.json
18 verbose installManyTop reading scoped package data from C:\Users\Alena\Documents\blog-template\node_modules\gulp-load-plugins\package.json
19 verbose installManyTop reading scoped package data from C:\Users\Alena\Documents\blog-template\node_modules\gulp-plumber\package.json
20 verbose installManyTop reading scoped package data from C:\Users\Alena\Documents\blog-template\node_modules\gulp-sass\package.json
21 verbose installManyTop reading scoped package data from C:\Users\Alena\Documents\blog-template\node_modules\gulp-size\package.json
22 verbose installManyTop reading scoped package data from C:\Users\Alena\Documents\blog-template\node_modules\gulp-sourcemaps\package.json
23 verbose installManyTop reading scoped package data from C:\Users\Alena\Documents\blog-template\node_modules\gulp-uglify\package.json
24 verbose installManyTop reading scoped package data from C:\Users\Alena\Documents\blog-template\node_modules\gulp-useref\package.json
25 verbose installManyTop reading scoped package data from C:\Users\Alena\Documents\blog-template\node_modules\main-bower-files\package.json
26 verbose installManyTop reading scoped package data from C:\Users\Alena\Documents\blog-template\node_modules\wiredep\package.json
27 info package.json wiredep@2.2.2 No license field.
28 verbose readDependencies loading dependencies from C:\Users\Alena\Documents\blog-template\package.json
29 silly cache add args [ 'CSS-Mint', null ]
30 verbose cache add spec CSS-Mint
31 silly cache add parsed spec Result {
31 silly cache add   raw: 'CSS-Mint',
31 silly cache add   scope: null,
31 silly cache add   name: 'CSS-Mint',
31 silly cache add   rawSpec: '',
31 silly cache add   spec: 'latest',
31 silly cache add   type: 'tag' }
32 silly addNamed CSS-Mint@latest
33 verbose addNamed "latest" is being treated as a dist-tag for CSS-Mint
34 info addNameTag [ 'CSS-Mint', 'latest' ]
35 silly mapToRegistry name CSS-Mint
36 silly mapToRegistry using default registry
37 silly mapToRegistry registry https://registry.npmjs.org/
38 silly mapToRegistry data Result {
38 silly mapToRegistry   raw: 'CSS-Mint',
38 silly mapToRegistry   scope: null,
38 silly mapToRegistry   name: 'CSS-Mint',
38 silly mapToRegistry   rawSpec: '',
38 silly mapToRegistry   spec: 'latest',
38 silly mapToRegistry   type: 'tag' }
39 silly mapToRegistry uri https://registry.npmjs.org/CSS-Mint
40 verbose addNameTag registry:https://registry.npmjs.org/CSS-Mint not in flight; fetching
41 verbose request uri https://registry.npmjs.org/CSS-Mint
42 verbose request no auth needed
43 info attempt registry request try #1 at 17:03:50
44 verbose request id 87101d80c0afff12
45 http request GET https://registry.npmjs.org/CSS-Mint
46 http 404 https://registry.npmjs.org/CSS-Mint
47 verbose headers { 'content-type': 'application/json',
47 verbose headers   'cache-control': 'max-age=0',
47 verbose headers   'content-length': '2',
47 verbose headers   'accept-ranges': 'bytes',
47 verbose headers   date: 'Mon, 20 Jun 2016 14:03:32 GMT',
47 verbose headers   via: '1.1 varnish',
47 verbose headers   age: '0',
47 verbose headers   connection: 'keep-alive',
47 verbose headers   'x-served-by': 'cache-ams4127-AMS',
47 verbose headers   'x-cache': 'MISS',
47 verbose headers   'x-cache-hits': '0',
47 verbose headers   'x-timer': 'S1466431412.246395,VS0,VE183',
47 verbose headers   vary: 'Accept-Encoding' }
48 silly get cb [ 404,
48 silly get   { 'content-type': 'application/json',
48 silly get     'cache-control': 'max-age=0',
48 silly get     'content-length': '2',
48 silly get     'accept-ranges': 'bytes',
48 silly get     date: 'Mon, 20 Jun 2016 14:03:32 GMT',
48 silly get     via: '1.1 varnish',
48 silly get     age: '0',
48 silly get     connection: 'keep-alive',
48 silly get     'x-served-by': 'cache-ams4127-AMS',
48 silly get     'x-cache': 'MISS',
48 silly get     'x-cache-hits': '0',
48 silly get     'x-timer': 'S1466431412.246395,VS0,VE183',
48 silly get     vary: 'Accept-Encoding' } ]
49 verbose stack Error: Registry returned 404 for GET on https://registry.npmjs.org/CSS-Mint
49 verbose stack     at makeError (C:\Program Files\nodejs\node_modules\npm\node_modules\npm-registry-client\lib\request.js:264:12)
49 verbose stack     at CachingRegistryClient.<anonymous> (C:\Program Files\nodejs\node_modules\npm\node_modules\npm-registry-client\lib\request.js:242:14)
49 verbose stack     at Request._callback (C:\Program Files\nodejs\node_modules\npm\node_modules\npm-registry-client\lib\request.js:172:14)
49 verbose stack     at Request.self.callback (C:\Program Files\nodejs\node_modules\npm\node_modules\request\request.js:200:22)
49 verbose stack     at emitTwo (events.js:87:13)
49 verbose stack     at Request.emit (events.js:172:7)
49 verbose stack     at Request.<anonymous> (C:\Program Files\nodejs\node_modules\npm\node_modules\request\request.js:1067:10)
49 verbose stack     at emitOne (events.js:82:20)
49 verbose stack     at Request.emit (events.js:169:7)
49 verbose stack     at IncomingMessage.<anonymous> (C:\Program Files\nodejs\node_modules\npm\node_modules\request\request.js:988:12)
50 verbose statusCode 404
51 verbose pkgid CSS-Mint
52 verbose cwd C:\Users\Alena\Documents\blog-template
53 error Windows_NT 6.3.9600
54 error argv "C:\\Program Files\\nodejs\\node.exe" "C:\\Program Files\\nodejs\\node_modules\\npm\\bin\\npm-cli.js" "install" "CSS-Mint"
55 error node v4.4.5
56 error npm  v2.15.5
57 error code E404
58 error 404 Registry returned 404 for GET on https://registry.npmjs.org/CSS-Mint
58 error 404
58 error 404 'CSS-Mint' is not in the npm registry.
58 error 404 Your package name is not valid, because
58 error 404
58 error 404  1. name can no longer contain capital letters
58 error 404
58 error 404 Note that you can also install from a
58 error 404 tarball, folder, http url, or git url.
59 verbose exit [ 1, true ]
